# JRE version: Java(TM) SE Runtime Environment (17.0.5+9) (build 17.0.5+9-LTS-191)
# Java VM: Java HotSpot(TM) 64-Bit Server VM (17.0.5+9-LTS-191, mixed mode, sharing, tiered, compressed oops, compressed class ptrs, g1 gc, windows-amd64)
GC Precious Log:
 CPUs: 4 total, 4 available
 Memory: 3875M
 Large Page Support: Disabled
 NUMA Support: Disabled
 Compressed Oops: Enabled (32-bit)
 Heap Region Size: 1M
 Heap Min Capacity: 8M
 Heap Initial Capacity: 62M
 Heap Max Capacity: 970M
 Pre-touch: Disabled
 Parallel Workers: 4
 Concurrent Workers: 1
 Concurrent Refinement Workers: 4
 Periodic GC: Disabled
Heap:
 garbage-first heap   total 111616K, used 78436K [0x00000000c3600000, 0x0000000100000000)
  region size 1024K, 2 young (2048K), 2 survivors (2048K)
 Metaspace       used 15496K, committed 15680K, reserved 1064960K
  class space    used 1710K, committed 1792K, reserved 1048576K
GC Heap History (20 events):
Event: 2.609 GC heap after
{Heap after GC invocations=4 (full 0):
 garbage-first heap   total 63488K, used 26853K [0x00000000c3600000, 0x0000000100000000)
  region size 1024K, 3 young (3072K), 3 survivors (3072K)
 Metaspace       used 11399K, committed 11584K, reserved 1064960K
  class space    used 1220K, committed 1344K, reserved 1048576K
}
Event: 2.929 GC heap before
{Heap before GC invocations=4 (full 0):
 garbage-first heap   total 63488K, used 41189K [0x00000000c3600000, 0x0000000100000000)
  region size 1024K, 17 young (17408K), 3 survivors (3072K)
 Metaspace       used 14382K, committed 14528K, reserved 1064960K
  class space    used 1596K, committed 1664K, reserved 1048576K
}
Event: 2.933 GC heap after
{Heap after GC invocations=5 (full 0):
 garbage-first heap   total 63488K, used 30272K [0x00000000c3600000, 0x0000000100000000)
  region size 1024K, 3 young (3072K), 3 survivors (3072K)
 Metaspace       used 14382K, committed 14528K, reserved 1064960K
  class space    used 1596K, committed 1664K, reserved 1048576K
}
Event: 3.032 GC heap before
{Heap before GC invocations=5 (full 0):
 garbage-first heap   total 63488K, used 43584K [0x00000000c3600000, 0x0000000100000000)
  region size 1024K, 16 young (16384K), 3 survivors (3072K)
 Metaspace       used 14518K, committed 14656K, reserved 1064960K
  class space    used 1596K, committed 1664K, reserved 1048576K
}
Event: 3.035 GC heap after
{Heap after GC invocations=6 (full 0):
 garbage-first heap   total 63488K, used 30798K [0x00000000c3600000, 0x0000000100000000)
  region size 1024K, 1 young (1024K), 1 survivors (1024K)
 Metaspace       used 14518K, committed 14656K, reserved 1064960K
  class space    used 1596K, committed 1664K, reserved 1048576K
}
Event: 3.070 GC heap before
{Heap before GC invocations=6 (full 0):
 garbage-first heap   total 63488K, used 45134K [0x00000000c3600000, 0x0000000100000000)
  region size 1024K, 15 young (15360K), 1 survivors (1024K)
 Metaspace       used 14518K, committed 14656K, reserved 1064960K
  class space    used 1596K, committed 1664K, reserved 1048576K
}
Event: 3.071 GC heap after
{Heap after GC invocations=7 (full 0):
 garbage-first heap   total 76800K, used 30773K [0x00000000c3600000, 0x0000000100000000)
  region size 1024K, 1 young (1024K), 1 survivors (1024K)
 Metaspace       used 14518K, committed 14656K, reserved 1064960K
  class space    used 1596K, committed 1664K, reserved 1048576K
}
Event: 3.259 GC heap before
{Heap before GC invocations=8 (full 0):
 garbage-first heap   total 76800K, used 54325K [0x00000000c3600000, 0x0000000100000000)
  region size 1024K, 24 young (24576K), 1 survivors (1024K)
 Metaspace       used 15391K, committed 15616K, reserved 1064960K
  class space    used 1706K, committed 1792K, reserved 1048576K
}
Event: 3.262 GC heap after
{Heap after GC invocations=9 (full 0):
 garbage-first heap   total 76800K, used 34235K [0x00000000c3600000, 0x0000000100000000)
  region size 1024K, 3 young (3072K), 3 survivors (3072K)
 Metaspace       used 15391K, committed 15616K, reserved 1064960K
  class space    used 1706K, committed 1792K, reserved 1048576K
}
Event: 3.444 GC heap before
{Heap before GC invocations=9 (full 0):
 garbage-first heap   total 76800K, used 57787K [0x00000000c3600000, 0x0000000100000000)
  region size 1024K, 26 young (26624K), 3 survivors (3072K)
 Metaspace       used 15478K, committed 15680K, reserved 1064960K
  class space    used 1710K, committed 1792K, reserved 1048576K
}
Event: 3.455 GC heap after
{Heap after GC invocations=10 (full 0):
 garbage-first heap   total 76800K, used 45601K [0x00000000c3600000, 0x0000000100000000)
  region size 1024K, 4 young (4096K), 4 survivors (4096K)
 Metaspace       used 15478K, committed 15680K, reserved 1064960K
  class space    used 1710K, committed 1792K, reserved 1048576K
}
Event: 3.535 GC heap before
{Heap before GC invocations=10 (full 0):
 garbage-first heap   total 76800K, used 56865K [0x00000000c3600000, 0x0000000100000000)
  region size 1024K, 15 young (15360K), 4 survivors (4096K)
 Metaspace       used 15489K, committed 15680K, reserved 1064960K
  class space    used 1710K, committed 1792K, reserved 1048576K
}
Event: 3.543 GC heap after
{Heap after GC invocations=11 (full 0):
 garbage-first heap   total 76800K, used 52607K [0x00000000c3600000, 0x0000000100000000)
  region size 1024K, 2 young (2048K), 2 survivors (2048K)
 Metaspace       used 15489K, committed 15680K, reserved 1064960K
  class space    used 1710K, committed 1792K, reserved 1048576K
}
Event: 3.596 GC heap before
{Heap before GC invocations=12 (full 0):
 garbage-first heap   total 96256K, used 58751K [0x00000000c3600000, 0x0000000100000000)
  region size 1024K, 8 young (8192K), 2 survivors (2048K)
 Metaspace       used 15490K, committed 15680K, reserved 1064960K
  class space    used 1710K, committed 1792K, reserved 1048576K
}
Event: 3.600 GC heap after
{Heap after GC invocations=13 (full 0):
 garbage-first heap   total 96256K, used 55296K [0x00000000c3600000, 0x0000000100000000)
  region size 1024K, 1 young (1024K), 1 survivors (1024K)
 Metaspace       used 15490K, committed 15680K, reserved 1064960K
  class space    used 1710K, committed 1792K, reserved 1048576K
}
Event: 3.692 GC heap before
{Heap before GC invocations=13 (full 0):
 garbage-first heap   total 96256K, used 68608K [0x00000000c3600000, 0x0000000100000000)
  region size 1024K, 14 young (14336K), 1 survivors (1024K)
 Metaspace       used 15496K, committed 15680K, reserved 1064960K
  class space    used 1710K, committed 1792K, reserved 1048576K
}
Event: 3.699 GC heap after
{Heap after GC invocations=14 (full 0):
 garbage-first heap   total 96256K, used 63129K [0x00000000c3600000, 0x0000000100000000)
  region size 1024K, 2 young (2048K), 2 survivors (2048K)
 Metaspace       used 15496K, committed 15680K, reserved 1064960K
  class space    used 1710K, committed 1792K, reserved 1048576K
}
Event: 3.810 GC heap before
{Heap before GC invocations=15 (full 0):
 garbage-first heap   total 111616K, used 71321K [0x00000000c3600000, 0x0000000100000000)
  region size 1024K, 10 young (10240K), 2 survivors (2048K)
 Metaspace       used 15496K, committed 15680K, reserved 1064960K
  class space    used 1710K, committed 1792K, reserved 1048576K
}
Event: 3.818 GC heap after
{Heap after GC invocations=16 (full 0):
 garbage-first heap   total 111616K, used 69924K [0x00000000c3600000, 0x0000000100000000)
  region size 1024K, 2 young (2048K), 2 survivors (2048K)
 Metaspace       used 15496K, committed 15680K, reserved 1064960K
  class space    used 1710K, committed 1792K, reserved 1048576K
}
Event: 3.880 GC heap before
{Heap before GC invocations=16 (full 0):
 garbage-first heap   total 111616K, used 79140K [0x00000000c3600000, 0x0000000100000000)
  region size 1024K, 12 young (12288K), 2 survivors (2048K)
 Metaspace       used 15496K, committed 15680K, reserved 1064960K
  class space    used 1710K, committed 1792K, reserved 1048576K
}

