<?xml version="1.0" encoding="UTF-8"?>
<!-- Generated by org.testng.reporters.JUnitXMLReporter -->
<testsuite ignored="5" hostname="XE-GGN-IT-04731" failures="0" tests="1" name="Suite Test2" time="60.32" errors="0" timestamp="22 Jun 2023 05:18:19 GMT">
  <testcase classname="com.absli.testcases.LoginPageTest" name="demo1" time="59.637"/>
  <testcase classname="com.absli.testcases.LoginPageTest" name="demo" time="0.0">
    <ignored/>
  </testcase> <!-- demo -->
  <testcase classname="com.absli.testcases.LoginPageTest" name="demo2" time="0.0">
    <ignored/>
  </testcase> <!-- demo2 -->
  <testcase classname="com.absli.testcases.LoginPageTest" name="demo5" time="0.0">
    <ignored/>
  </testcase> <!-- demo5 -->
  <testcase classname="com.absli.testcases.LoginPageTest" name="demo4" time="0.0">
    <ignored/>
  </testcase> <!-- demo4 -->
  <testcase classname="com.absli.testcases.LoginPageTest" name="demo3" time="0.0">
    <ignored/>
  </testcase> <!-- demo3 -->
</testsuite> <!-- Suite Test2 -->
