<?xml version="1.0" encoding="UTF-8"?>
<!-- Generated by org.testng.reporters.JUnitXMLReporter -->
<testsuite ignored="5" hostname="XE-GGN-IT-04731" failures="0" tests="1" name="Suite Test1" time="9.343" errors="0" timestamp="26 Apr 2023 05:32:29 GMT">
  <testcase classname="com.absli.testcases.LoginPageTest" name="demo5" time="8.451"/>
  <testcase classname="com.absli.testcases.LoginPageTest" name="demo" time="0.0">
    <ignored/>
  </testcase> <!-- demo -->
  <testcase classname="com.absli.testcases.LoginPageTest" name="demo2" time="0.0">
    <ignored/>
  </testcase> <!-- demo2 -->
  <testcase classname="com.absli.testcases.LoginPageTest" name="demo4" time="0.0">
    <ignored/>
  </testcase> <!-- demo4 -->
  <testcase classname="com.absli.testcases.LoginPageTest" name="demo1" time="0.0">
    <ignored/>
  </testcase> <!-- demo1 -->
  <testcase classname="com.absli.testcases.LoginPageTest" name="demo3" time="0.0">
    <ignored/>
  </testcase> <!-- demo3 -->
</testsuite> <!-- Suite Test1 -->
