<?xml version="1.0" encoding="UTF-8"?>
<!-- Generated by org.testng.reporters.JUnitXMLReporter -->
<testsuite ignored="9" hostname="LAPTOP-8KATJP3L" failures="0" tests="1" name="Suite Test2" time="877.293" errors="0" timestamp="16 Jan 2023 05:32:40 GMT">
  <testcase classname="com.absli.testcases.EndToEndProposerSameLifeShieldTest" name="CompleteJourneyProposerSameNonSmokerRegularPayAnnual" time="803.163"/>
  <testcase classname="com.absli.testcases.EndToEndProposerSameLifeShieldTest" name="CompleteJourneyProposerSameNonSmoker8PayAnnual" time="0.0">
    <ignored/>
  </testcase> <!-- CompleteJourneyProposerSameNonSmoker8PayAnnual -->
  <testcase classname="com.absli.testcases.EndToEndProposerSameLifeShieldTest" name="CompleteJourneyProposerSameNonSmoker10PaySemiAnnual" time="0.0">
    <ignored/>
  </testcase> <!-- CompleteJourneyProposerSameNonSmoker10PaySemiAnnual -->
  <testcase classname="com.absli.testcases.EndToEndProposerSameLifeShieldTest" name="CompleteJourneyProposerSameNonSmokerRegularPayQuarterly" time="0.0">
    <ignored/>
  </testcase> <!-- CompleteJourneyProposerSameNonSmokerRegularPayQuarterly -->
  <testcase classname="com.absli.testcases.EndToEndProposerSameLifeShieldTest" name="CompleteJourneyProposerSameNonSmokerRegularPaySemiAnnual" time="0.0">
    <ignored/>
  </testcase> <!-- CompleteJourneyProposerSameNonSmokerRegularPaySemiAnnual -->
  <testcase classname="com.absli.testcases.EndToEndProposerSameLifeShieldTest" name="CompleteJourneyProposerSameNonSmoker8PaySemiAnnual" time="0.0">
    <ignored/>
  </testcase> <!-- CompleteJourneyProposerSameNonSmoker8PaySemiAnnual -->
  <testcase classname="com.absli.testcases.EndToEndProposerSameLifeShieldTest" name="CompleteJourneyProposerSameNonSmoker6PayAnnual" time="0.0">
    <ignored/>
  </testcase> <!-- CompleteJourneyProposerSameNonSmoker6PayAnnual -->
  <testcase classname="com.absli.testcases.EndToEndProposerSameLifeShieldTest" name="CompleteJourneyProposerSameNonSmoker6PaySemiAnnual" time="0.0">
    <ignored/>
  </testcase> <!-- CompleteJourneyProposerSameNonSmoker6PaySemiAnnual -->
  <testcase classname="com.absli.testcases.EndToEndProposerSameLifeShieldTest" name="CompleteJourneyProposerSameNonSmoker10PayAnnual" time="0.0">
    <ignored/>
  </testcase> <!-- CompleteJourneyProposerSameNonSmoker10PayAnnual -->
  <testcase classname="com.absli.testcases.EndToEndProposerSameLifeShieldTest" name="CompleteJourneyProposerSameNonSmoker6PayQuarterly" time="0.0">
    <ignored/>
  </testcase> <!-- CompleteJourneyProposerSameNonSmoker6PayQuarterly -->
</testsuite> <!-- Suite Test2 -->
