<?xml version="1.0" encoding="UTF-8"?>
<testng-results ignored="5" total="6" passed="1" failed="0" skipped="0">
  <reporter-output>
  </reporter-output>
  <suite started-at="2023-04-26T05:32:19Z" name="LEAP Test-Automation-DM" finished-at="2023-04-26T05:32:29Z" duration-ms="9343">
    <groups>
      <group name="web">
        <method signature="LoginPageTest.demo5(java.lang.String, java.lang.String, java.lang.String, java.lang.String)[pri:0, instance:com.absli.testcases.LoginPageTest@59af0466]" name="demo5" class="com.absli.testcases.LoginPageTest"/>
      </group> <!-- web -->
    </groups>
    <test started-at="2023-04-26T05:32:19Z" name="Suite Test1" finished-at="2023-04-26T05:32:29Z" duration-ms="9343">
      <class name="com.absli.testcases.LoginPageTest">
        <test-method is-config="true" signature="setUp()[pri:0, instance:com.absli.testcases.LoginPageTest@59af0466]" started-at="2023-04-26T11:02:20Z" name="setUp" finished-at="2023-04-26T11:02:20Z" duration-ms="17" status="PASS">
          <reporter-output>
          </reporter-output>
        </test-method> <!-- setUp -->
        <test-method signature="demo5(java.lang.String, java.lang.String, java.lang.String, java.lang.String)[pri:0, instance:com.absli.testcases.LoginPageTest@59af0466]" started-at="2023-04-26T11:02:20Z" name="demo5" description="Click on Sign in ButtonEnter EmailEnter PasswordClick on Sign submit ButtonError Msg was displayed" data-provider="dataSignInProvider" finished-at="2023-04-26T11:02:29Z" duration-ms="8451" status="PASS">
          <params>
            <param index="0">
              <value>
                <![CDATA[candidatex]]>
              </value>
            </param>
            <param index="1">
              <value>
                <![CDATA[qa-is-cool]]>
              </value>
            </param>
            <param index="2">
              <value>
                <![CDATA[email or password is invalid]]>
              </value>
            </param>
            <param index="3">
              <value>
                <![CDATA[email or password is invalid]]>
              </value>
            </param>
          </params>
          <reporter-output>
          </reporter-output>
        </test-method> <!-- demo5 -->
      </class> <!-- com.absli.testcases.LoginPageTest -->
    </test> <!-- Suite Test1 -->
  </suite> <!-- LEAP Test-Automation-DM -->
</testng-results>
