<?xml version="1.0" encoding="UTF-8"?>
<!-- Generated by org.testng.reporters.JUnitXMLReporter -->
<testsuite ignored="96" hostname="LAPTOP-8KATJP3L" failures="1" tests="1" name="Suite Test7" time="67.53" errors="0" timestamp="17 Jan 2023 03:47:47 GMT">
  <testcase classname="com.absli.testcases.EndToEndProposerSameDigishieldTest" name="CompleteJourneyProposerSameNonSmoker20PayAnnual" time="45.851">
    <failure type="org.openqa.selenium.NoSuchElementException" message="no such element: Unable to locate element: {&amp;quot;method&amp;quot;:&amp;quot;xpath&amp;quot;,&amp;quot;selector&amp;quot;:&amp;quot;//div[text()=&amp;apos;ABSLI Digishield Plan&amp;apos;]&amp;quot;}
  (Session info: chrome=109.0.5414.74)
For documentation on this error, please visit: http://seleniumhq.org/exceptions/no_such_element.html
Build info: version: &amp;apos;3.14.0&amp;apos;, revision: &amp;apos;aacccce0&amp;apos;, time: &amp;apos;2018-08-02T20:19:58.91Z&amp;apos;
System info: host: &amp;apos;LAPTOP-8KATJP3L&amp;apos;, ip: &amp;apos;192.168.1.186&amp;apos;, os.name: &amp;apos;Windows 11&amp;apos;, os.arch: &amp;apos;amd64&amp;apos;, os.version: &amp;apos;10.0&amp;apos;, java.version: &amp;apos;18.0.2.1&amp;apos;
Driver info: org.openqa.selenium.chrome.ChromeDriver
Capabilities {acceptInsecureCerts: false, browserName: chrome, browserVersion: 109.0.5414.74, chrome: {chromedriverVersion: 109.0.5414.74 (e7c5703604da..., userDataDir: C:\Users\Admin\AppData\Loca...}, goog:chromeOptions: {debuggerAddress: localhost:57411}, javascriptEnabled: true, networkConnectionEnabled: false, pageLoadStrategy: normal, platform: WINDOWS, platformName: WINDOWS, proxy: Proxy(), setWindowRect: true, strictFileInteractability: false, timeouts: {implicit: 0, pageLoad: 300000, script: 30000}, unhandledPromptBehavior: dismiss and notify, webauthn:extension:credBlob: true, webauthn:extension:largeBlob: true, webauthn:virtualAuthenticators: true}
Session ID: 390a8652263e4d542220d50f32167625
*** Element info: {Using=xpath, value=//div[text()=&amp;apos;ABSLI Digishield Plan&amp;apos;]}">
      <![CDATA[org.openqa.selenium.NoSuchElementException: no such element: Unable to locate element: {"method":"xpath","selector":"//div[text()='ABSLI Digishield Plan']"}
  (Session info: chrome=109.0.5414.74)
For documentation on this error, please visit: http://seleniumhq.org/exceptions/no_such_element.html
Build info: version: '3.14.0', revision: 'aacccce0', time: '2018-08-02T20:19:58.91Z'
System info: host: 'LAPTOP-8KATJP3L', ip: '192.168.1.186', os.name: 'Windows 11', os.arch: 'amd64', os.version: '10.0', java.version: '18.0.2.1'
Driver info: org.openqa.selenium.chrome.ChromeDriver
Capabilities {acceptInsecureCerts: false, browserName: chrome, browserVersion: 109.0.5414.74, chrome: {chromedriverVersion: 109.0.5414.74 (e7c5703604da..., userDataDir: C:\Users\Admin\AppData\Loca...}, goog:chromeOptions: {debuggerAddress: localhost:57411}, javascriptEnabled: true, networkConnectionEnabled: false, pageLoadStrategy: normal, platform: WINDOWS, platformName: WINDOWS, proxy: Proxy(), setWindowRect: true, strictFileInteractability: false, timeouts: {implicit: 0, pageLoad: 300000, script: 30000}, unhandledPromptBehavior: dismiss and notify, webauthn:extension:credBlob: true, webauthn:extension:largeBlob: true, webauthn:virtualAuthenticators: true}
Session ID: 390a8652263e4d542220d50f32167625
*** Element info: {Using=xpath, value=//div[text()='ABSLI Digishield Plan']}
	at org.openqa.selenium.remote.http.W3CHttpResponseCodec.createException(W3CHttpResponseCodec.java:187)
	at org.openqa.selenium.remote.http.W3CHttpResponseCodec.decode(W3CHttpResponseCodec.java:122)
	at org.openqa.selenium.remote.http.W3CHttpResponseCodec.decode(W3CHttpResponseCodec.java:49)
	at org.openqa.selenium.remote.HttpCommandExecutor.execute(HttpCommandExecutor.java:158)
	at org.openqa.selenium.remote.service.DriverCommandExecutor.execute(DriverCommandExecutor.java:83)
	at org.openqa.selenium.remote.RemoteWebDriver.execute(RemoteWebDriver.java:548)
	at org.openqa.selenium.remote.RemoteWebDriver.findElement(RemoteWebDriver.java:322)
	at org.openqa.selenium.remote.RemoteWebDriver.findElementByXPath(RemoteWebDriver.java:424)
	at org.openqa.selenium.By$ByXPath.findElement(By.java:353)
	at org.openqa.selenium.remote.RemoteWebDriver.findElement(RemoteWebDriver.java:314)
	at com.absli.pageObjects.ViewQuote.selectPlanJourneyNewWeb(ViewQuote.java:135)
	at Utils.TestFactory.gotoProposerSameEndtoEndFlowweb(TestFactory.java:12629)
	at com.absli.testcases.EndToEndProposerSameDigishieldTest.CompleteJourneyProposerSameNonSmoker20PayAnnual(EndToEndProposerSameDigishieldTest.java:543)
	at java.base/java.util.concurrent.FutureTask.run(FutureTask.java:264)
	at java.base/java.util.concurrent.ThreadPoolExecutor.runWorker(ThreadPoolExecutor.java:1136)
	at java.base/java.util.concurrent.ThreadPoolExecutor$Worker.run(ThreadPoolExecutor.java:635)
	at java.base/java.lang.Thread.run(Thread.java:833)
... Removed 17 stack frames]]>
    </failure>
  </testcase> <!-- CompleteJourneyProposerSameNonSmoker20PayAnnual -->
  <testcase classname="com.absli.testcases.EndToEndProposerSameDigishieldTest" name="CompleteJourneyProposerSameNonSmoker20PayMonthlyNoAci" time="0.0">
    <ignored/>
  </testcase> <!-- CompleteJourneyProposerSameNonSmoker20PayMonthlyNoAci -->
  <testcase classname="com.absli.testcases.EndToEndProposerSameDigishieldTest" name="CompleteJourneyProposerSameNonSmoker5PayMonthlyNoAci" time="0.0">
    <ignored/>
  </testcase> <!-- CompleteJourneyProposerSameNonSmoker5PayMonthlyNoAci -->
  <testcase classname="com.absli.testcases.EndToEndProposerSameDigishieldTest" name="CompleteJourneyProposerSameNonSmoker7PayAnnual" time="0.0">
    <ignored/>
  </testcase> <!-- CompleteJourneyProposerSameNonSmoker7PayAnnual -->
  <testcase classname="com.absli.testcases.EndToEndProposerSameDigishieldTest" name="CompleteJourneyProposerSameNonSmoker20PayQuarterlyRider2" time="0.0">
    <ignored/>
  </testcase> <!-- CompleteJourneyProposerSameNonSmoker20PayQuarterlyRider2 -->
  <testcase classname="com.absli.testcases.EndToEndProposerSameDigishieldTest" name="CompleteJourneyProposerSameNonSmoker20PayQuarterlyNoAci" time="0.0">
    <ignored/>
  </testcase> <!-- CompleteJourneyProposerSameNonSmoker20PayQuarterlyNoAci -->
  <testcase classname="com.absli.testcases.EndToEndProposerSameDigishieldTest" name="CompleteJourneyProposerSameNonSmoker5PayMonthly" time="0.0">
    <ignored/>
  </testcase> <!-- CompleteJourneyProposerSameNonSmoker5PayMonthly -->
  <testcase classname="com.absli.testcases.EndToEndProposerSameDigishieldTest" name="CompleteJourneyProposerSameNonSmoker15PaySemiAnnualRider1" time="0.0">
    <ignored/>
  </testcase> <!-- CompleteJourneyProposerSameNonSmoker15PaySemiAnnualRider1 -->
  <testcase classname="com.absli.testcases.EndToEndProposerSameDigishieldTest" name="CompleteJourneyProposerSameNonSmokerRegularPayAnnualNoAci" time="0.0">
    <ignored/>
  </testcase> <!-- CompleteJourneyProposerSameNonSmokerRegularPayAnnualNoAci -->
  <testcase classname="com.absli.testcases.EndToEndProposerSameDigishieldTest" name="CompleteJourneyProposerSameNonSmoker15PayMonthlyRider2" time="0.0">
    <ignored/>
  </testcase> <!-- CompleteJourneyProposerSameNonSmoker15PayMonthlyRider2 -->
  <testcase classname="com.absli.testcases.EndToEndProposerSameDigishieldTest" name="CompleteJourneyProposerSameNonSmoker10PaySemiAnnual" time="0.0">
    <ignored/>
  </testcase> <!-- CompleteJourneyProposerSameNonSmoker10PaySemiAnnual -->
  <testcase classname="com.absli.testcases.EndToEndProposerSameDigishieldTest" name="CompleteJourneyProposerSameNonSmoker15PaySemiAnnualRider2" time="0.0">
    <ignored/>
  </testcase> <!-- CompleteJourneyProposerSameNonSmoker15PaySemiAnnualRider2 -->
  <testcase classname="com.absli.testcases.EndToEndProposerSameDigishieldTest" name="CompleteJourneyProposerSameNonSmoker5PayQuarterlyRider2" time="0.0">
    <ignored/>
  </testcase> <!-- CompleteJourneyProposerSameNonSmoker5PayQuarterlyRider2 -->
  <testcase classname="com.absli.testcases.EndToEndProposerSameDigishieldTest" name="CompleteJourneyProposerSameNonSmoker5PaySemiAnnual" time="0.0">
    <ignored/>
  </testcase> <!-- CompleteJourneyProposerSameNonSmoker5PaySemiAnnual -->
  <testcase classname="com.absli.testcases.EndToEndProposerSameDigishieldTest" name="CompleteJourneyProposerSameNonSmoker12PayQuarterly" time="0.0">
    <ignored/>
  </testcase> <!-- CompleteJourneyProposerSameNonSmoker12PayQuarterly -->
  <testcase classname="com.absli.testcases.EndToEndProposerSameDigishieldTest" name="CompleteJourneyProposerSameNonSmoker12PayMonthlyRider2" time="0.0">
    <ignored/>
  </testcase> <!-- CompleteJourneyProposerSameNonSmoker12PayMonthlyRider2 -->
  <testcase classname="com.absli.testcases.EndToEndProposerSameDigishieldTest" name="CompleteJourneyProposerSameNonSmoker5PayAnnual" time="0.0">
    <ignored/>
  </testcase> <!-- CompleteJourneyProposerSameNonSmoker5PayAnnual -->
  <testcase classname="com.absli.testcases.EndToEndProposerSameDigishieldTest" name="CompleteJourneyProposerSameNonSmoker5PayQuarterlyNoAci" time="0.0">
    <ignored/>
  </testcase> <!-- CompleteJourneyProposerSameNonSmoker5PayQuarterlyNoAci -->
  <testcase classname="com.absli.testcases.EndToEndProposerSameDigishieldTest" name="CompleteJourneyProposerSameNonSmoker10PayQuarterlyNoAci" time="0.0">
    <ignored/>
  </testcase> <!-- CompleteJourneyProposerSameNonSmoker10PayQuarterlyNoAci -->
  <testcase classname="com.absli.testcases.EndToEndProposerSameDigishieldTest" name="CompleteJourneyProposerSameNonSmoker7PayAnnualRider2" time="0.0">
    <ignored/>
  </testcase> <!-- CompleteJourneyProposerSameNonSmoker7PayAnnualRider2 -->
  <testcase classname="com.absli.testcases.EndToEndProposerSameDigishieldTest" name="CompleteJourneyProposerSameNonSmoker10PayAnnualRider2" time="0.0">
    <ignored/>
  </testcase> <!-- CompleteJourneyProposerSameNonSmoker10PayAnnualRider2 -->
  <testcase classname="com.absli.testcases.EndToEndProposerSameDigishieldTest" name="CompleteJourneyProposerSameNonSmoker5PaySemiAnnualNoAci" time="0.0">
    <ignored/>
  </testcase> <!-- CompleteJourneyProposerSameNonSmoker5PaySemiAnnualNoAci -->
  <testcase classname="com.absli.testcases.EndToEndProposerSameDigishieldTest" name="CompleteJourneyProposerSameNonSmoker20PayMonthly" time="0.0">
    <ignored/>
  </testcase> <!-- CompleteJourneyProposerSameNonSmoker20PayMonthly -->
  <testcase classname="com.absli.testcases.EndToEndProposerSameDigishieldTest" name="CompleteJourneyProposerSameNonSmoker7PayAnnualRider1" time="0.0">
    <ignored/>
  </testcase> <!-- CompleteJourneyProposerSameNonSmoker7PayAnnualRider1 -->
  <testcase classname="com.absli.testcases.EndToEndProposerSameDigishieldTest" name="CompleteJourneyProposerSameNonSmoker12PayMonthly" time="0.0">
    <ignored/>
  </testcase> <!-- CompleteJourneyProposerSameNonSmoker12PayMonthly -->
  <testcase classname="com.absli.testcases.EndToEndProposerSameDigishieldTest" name="CompleteJourneyProposerSameNonSmoker7PaySemiAnnual" time="0.0">
    <ignored/>
  </testcase> <!-- CompleteJourneyProposerSameNonSmoker7PaySemiAnnual -->
  <testcase classname="com.absli.testcases.EndToEndProposerSameDigishieldTest" name="CompleteJourneyProposerSameNonSmokerRegularPayQuarterlyRider1" time="0.0">
    <ignored/>
  </testcase> <!-- CompleteJourneyProposerSameNonSmokerRegularPayQuarterlyRider1 -->
  <testcase classname="com.absli.testcases.EndToEndProposerSameDigishieldTest" name="CompleteJourneyProposerSameNonSmoker20PaySemiAnnualNoAci" time="0.0">
    <ignored/>
  </testcase> <!-- CompleteJourneyProposerSameNonSmoker20PaySemiAnnualNoAci -->
  <testcase classname="com.absli.testcases.EndToEndProposerSameDigishieldTest" name="CompleteJourneyProposerSameNonSmoker10PayAnnualRider1" time="0.0">
    <ignored/>
  </testcase> <!-- CompleteJourneyProposerSameNonSmoker10PayAnnualRider1 -->
  <testcase classname="com.absli.testcases.EndToEndProposerSameDigishieldTest" name="CompleteJourneyProposerSameNonSmoker20PaySemiAnnual" time="0.0">
    <ignored/>
  </testcase> <!-- CompleteJourneyProposerSameNonSmoker20PaySemiAnnual -->
  <testcase classname="com.absli.testcases.EndToEndProposerSameDigishieldTest" name="CompleteJourneyProposerSameNonSmoker12PayAnnualRider2" time="0.0">
    <ignored/>
  </testcase> <!-- CompleteJourneyProposerSameNonSmoker12PayAnnualRider2 -->
  <testcase classname="com.absli.testcases.EndToEndProposerSameDigishieldTest" name="CompleteJourneyProposerSameNonSmokerRegularPayQuarterlyRider2" time="0.0">
    <ignored/>
  </testcase> <!-- CompleteJourneyProposerSameNonSmokerRegularPayQuarterlyRider2 -->
  <testcase classname="com.absli.testcases.EndToEndProposerSameDigishieldTest" name="CompleteJourneyProposerSameNonSmokerRegularPayAnnualRider2" time="0.0">
    <ignored/>
  </testcase> <!-- CompleteJourneyProposerSameNonSmokerRegularPayAnnualRider2 -->
  <testcase classname="com.absli.testcases.EndToEndProposerSameDigishieldTest" name="CompleteJourneyProposerSameNonSmoker12PayAnnualNoAci" time="0.0">
    <ignored/>
  </testcase> <!-- CompleteJourneyProposerSameNonSmoker12PayAnnualNoAci -->
  <testcase classname="com.absli.testcases.EndToEndProposerSameDigishieldTest" name="CompleteJourneyProposerSameNonSmoker12PayAnnualRider1" time="0.0">
    <ignored/>
  </testcase> <!-- CompleteJourneyProposerSameNonSmoker12PayAnnualRider1 -->
  <testcase classname="com.absli.testcases.EndToEndProposerSameDigishieldTest" name="CompleteJourneyProposerSameNonSmokerRegularPayAnnualRider1" time="0.0">
    <ignored/>
  </testcase> <!-- CompleteJourneyProposerSameNonSmokerRegularPayAnnualRider1 -->
  <testcase classname="com.absli.testcases.EndToEndProposerSameDigishieldTest" name="CompleteJourneyProposerSameNonSmokerRegularPaySemiAnnualRider2" time="0.0">
    <ignored/>
  </testcase> <!-- CompleteJourneyProposerSameNonSmokerRegularPaySemiAnnualRider2 -->
  <testcase classname="com.absli.testcases.EndToEndProposerSameDigishieldTest" name="CompleteJourneyProposerSameNonSmoker5PayAnnualNoAci" time="0.0">
    <ignored/>
  </testcase> <!-- CompleteJourneyProposerSameNonSmoker5PayAnnualNoAci -->
  <testcase classname="com.absli.testcases.EndToEndProposerSameDigishieldTest" name="CompleteJourneyProposerSameNonSmoker10PayMonthly" time="0.0">
    <ignored/>
  </testcase> <!-- CompleteJourneyProposerSameNonSmoker10PayMonthly -->
  <testcase classname="com.absli.testcases.EndToEndProposerSameDigishieldTest" name="CompleteJourneyProposerSameNonSmoker15PayQuarterly" time="0.0">
    <ignored/>
  </testcase> <!-- CompleteJourneyProposerSameNonSmoker15PayQuarterly -->
  <testcase classname="com.absli.testcases.EndToEndProposerSameDigishieldTest" name="CompleteJourneyProposerSameNonSmoker12PaySemiAnnual" time="0.0">
    <ignored/>
  </testcase> <!-- CompleteJourneyProposerSameNonSmoker12PaySemiAnnual -->
  <testcase classname="com.absli.testcases.EndToEndProposerSameDigishieldTest" name="CompleteJourneyProposerSameNonSmoker5PayMonthlyRider2" time="0.0">
    <ignored/>
  </testcase> <!-- CompleteJourneyProposerSameNonSmoker5PayMonthlyRider2 -->
  <testcase classname="com.absli.testcases.EndToEndProposerSameDigishieldTest" name="CompleteJourneyProposerSameNonSmoker10PayMonthlyNoAci" time="0.0">
    <ignored/>
  </testcase> <!-- CompleteJourneyProposerSameNonSmoker10PayMonthlyNoAci -->
  <testcase classname="com.absli.testcases.EndToEndProposerSameDigishieldTest" name="CompleteJourneyProposerSameNonSmoker12PaySemiAnnualNoAci" time="0.0">
    <ignored/>
  </testcase> <!-- CompleteJourneyProposerSameNonSmoker12PaySemiAnnualNoAci -->
  <testcase classname="com.absli.testcases.EndToEndProposerSameDigishieldTest" name="CompleteJourneyProposerSameNonSmoker7PayQuarterlyNoAci" time="0.0">
    <ignored/>
  </testcase> <!-- CompleteJourneyProposerSameNonSmoker7PayQuarterlyNoAci -->
  <testcase classname="com.absli.testcases.EndToEndProposerSameDigishieldTest" name="CompleteJourneyProposerSameNonSmoker5PayAnnualRider2" time="0.0">
    <ignored/>
  </testcase> <!-- CompleteJourneyProposerSameNonSmoker5PayAnnualRider2 -->
  <testcase classname="com.absli.testcases.EndToEndProposerSameDigishieldTest" name="CompleteJourneyProposerSameNonSmokerRegularPayMonthlyNoAci" time="0.0">
    <ignored/>
  </testcase> <!-- CompleteJourneyProposerSameNonSmokerRegularPayMonthlyNoAci -->
  <testcase classname="com.absli.testcases.EndToEndProposerSameDigishieldTest" name="CompleteJourneyProposerSameNonSmokerRegularPayQuarterlyNoAci" time="0.0">
    <ignored/>
  </testcase> <!-- CompleteJourneyProposerSameNonSmokerRegularPayQuarterlyNoAci -->
  <testcase classname="com.absli.testcases.EndToEndProposerSameDigishieldTest" name="CompleteJourneyProposerSameNonSmoker7PayQuarterlyRider2" time="0.0">
    <ignored/>
  </testcase> <!-- CompleteJourneyProposerSameNonSmoker7PayQuarterlyRider2 -->
  <testcase classname="com.absli.testcases.EndToEndProposerSameDigishieldTest" name="CompleteJourneyProposerSameNonSmoker20PayMonthlyRider2" time="0.0">
    <ignored/>
  </testcase> <!-- CompleteJourneyProposerSameNonSmoker20PayMonthlyRider2 -->
  <testcase classname="com.absli.testcases.EndToEndProposerSameDigishieldTest" name="CompleteJourneyProposerSameNonSmoker5PayAnnualRider1" time="0.0">
    <ignored/>
  </testcase> <!-- CompleteJourneyProposerSameNonSmoker5PayAnnualRider1 -->
  <testcase classname="com.absli.testcases.EndToEndProposerSameDigishieldTest" name="CompleteJourneyProposerSameNonSmoker12PayQuarterlyRider2" time="0.0">
    <ignored/>
  </testcase> <!-- CompleteJourneyProposerSameNonSmoker12PayQuarterlyRider2 -->
  <testcase classname="com.absli.testcases.EndToEndProposerSameDigishieldTest" name="CompleteJourneyProposerSameNonSmoker20PaySemiAnnualRider1" time="0.0">
    <ignored/>
  </testcase> <!-- CompleteJourneyProposerSameNonSmoker20PaySemiAnnualRider1 -->
  <testcase classname="com.absli.testcases.EndToEndProposerSameDigishieldTest" name="CompleteJourneyProposerSameNonSmoker12PayAnnual" time="0.0">
    <ignored/>
  </testcase> <!-- CompleteJourneyProposerSameNonSmoker12PayAnnual -->
  <testcase classname="com.absli.testcases.EndToEndProposerSameDigishieldTest" name="CompleteJourneyProposerSameNonSmoker15PaySemiAnnual" time="0.0">
    <ignored/>
  </testcase> <!-- CompleteJourneyProposerSameNonSmoker15PaySemiAnnual -->
  <testcase classname="com.absli.testcases.EndToEndProposerSameDigishieldTest" name="CompleteJourneyProposerSameNonSmokerRegularPaySemiAnnualNoAci" time="0.0">
    <ignored/>
  </testcase> <!-- CompleteJourneyProposerSameNonSmokerRegularPaySemiAnnualNoAci -->
  <testcase classname="com.absli.testcases.EndToEndProposerSameDigishieldTest" name="CompleteJourneyProposerSameNonSmoker10PaySemiAnnualRider2" time="0.0">
    <ignored/>
  </testcase> <!-- CompleteJourneyProposerSameNonSmoker10PaySemiAnnualRider2 -->
  <testcase classname="com.absli.testcases.EndToEndProposerSameDigishieldTest" name="CompleteJourneyProposerSameNonSmoker10PayAnnual" time="0.0">
    <ignored/>
  </testcase> <!-- CompleteJourneyProposerSameNonSmoker10PayAnnual -->
  <testcase classname="com.absli.testcases.EndToEndProposerSameDigishieldTest" name="CompleteJourneyProposerSameNonSmoker10PaySemiAnnualRider1" time="0.0">
    <ignored/>
  </testcase> <!-- CompleteJourneyProposerSameNonSmoker10PaySemiAnnualRider1 -->
  <testcase classname="com.absli.testcases.EndToEndProposerSameDigishieldTest" name="CompleteJourneyProposerSameNonSmoker12PaySemiAnnualRider2" time="0.0">
    <ignored/>
  </testcase> <!-- CompleteJourneyProposerSameNonSmoker12PaySemiAnnualRider2 -->
  <testcase classname="com.absli.testcases.EndToEndProposerSameDigishieldTest" name="CompleteJourneyProposerSameNonSmokerRegularPayMonthly" time="0.0">
    <ignored/>
  </testcase> <!-- CompleteJourneyProposerSameNonSmokerRegularPayMonthly -->
  <testcase classname="com.absli.testcases.EndToEndProposerSameDigishieldTest" name="CompleteJourneyProposerSameNonSmoker12PayMonthlyNoAci" time="0.0">
    <ignored/>
  </testcase> <!-- CompleteJourneyProposerSameNonSmoker12PayMonthlyNoAci -->
  <testcase classname="com.absli.testcases.EndToEndProposerSameDigishieldTest" name="CompleteJourneyProposerSameNonSmoker10PayQuarterlyRider2" time="0.0">
    <ignored/>
  </testcase> <!-- CompleteJourneyProposerSameNonSmoker10PayQuarterlyRider2 -->
  <testcase classname="com.absli.testcases.EndToEndProposerSameDigishieldTest" name="CompleteJourneyProposerSameNonSmoker10PayMonthlyRider2" time="0.0">
    <ignored/>
  </testcase> <!-- CompleteJourneyProposerSameNonSmoker10PayMonthlyRider2 -->
  <testcase classname="com.absli.testcases.EndToEndProposerSameDigishieldTest" name="CompleteJourneyProposerSameNonSmoker12PaySemiAnnualRider1" time="0.0">
    <ignored/>
  </testcase> <!-- CompleteJourneyProposerSameNonSmoker12PaySemiAnnualRider1 -->
  <testcase classname="com.absli.testcases.EndToEndProposerSameDigishieldTest" name="CompleteJourneyProposerSameNonSmokerRegularPayQuarterly" time="0.0">
    <ignored/>
  </testcase> <!-- CompleteJourneyProposerSameNonSmokerRegularPayQuarterly -->
  <testcase classname="com.absli.testcases.EndToEndProposerSameDigishieldTest" name="CompleteJourneyProposerSameNonSmokerRegularPaySemiAnnual" time="0.0">
    <ignored/>
  </testcase> <!-- CompleteJourneyProposerSameNonSmokerRegularPaySemiAnnual -->
  <testcase classname="com.absli.testcases.EndToEndProposerSameDigishieldTest" name="CompleteJourneyProposerSameNonSmoker7PaySemiAnnualNoAci" time="0.0">
    <ignored/>
  </testcase> <!-- CompleteJourneyProposerSameNonSmoker7PaySemiAnnualNoAci -->
  <testcase classname="com.absli.testcases.EndToEndProposerSameDigishieldTest" name="CompleteJourneyProposerSameNonSmoker10PaySemiAnnualNoAci" time="0.0">
    <ignored/>
  </testcase> <!-- CompleteJourneyProposerSameNonSmoker10PaySemiAnnualNoAci -->
  <testcase classname="com.absli.testcases.EndToEndProposerSameDigishieldTest" name="CompleteJourneyProposerSameNonSmokerRegularPayAnnual" time="0.0">
    <ignored/>
  </testcase> <!-- CompleteJourneyProposerSameNonSmokerRegularPayAnnual -->
  <testcase classname="com.absli.testcases.EndToEndProposerSameDigishieldTest" name="CompleteJourneyProposerSameNonSmoker7PayQuarterly" time="0.0">
    <ignored/>
  </testcase> <!-- CompleteJourneyProposerSameNonSmoker7PayQuarterly -->
  <testcase classname="com.absli.testcases.EndToEndProposerSameDigishieldTest" name="CompleteJourneyProposerSameNonSmoker5PayQuarterly" time="0.0">
    <ignored/>
  </testcase> <!-- CompleteJourneyProposerSameNonSmoker5PayQuarterly -->
  <testcase classname="com.absli.testcases.EndToEndProposerSameDigishieldTest" name="CompleteJourneyProposerSameNonSmokerRegularPaySemiAnnualRider1" time="0.0">
    <ignored/>
  </testcase> <!-- CompleteJourneyProposerSameNonSmokerRegularPaySemiAnnualRider1 -->
  <testcase classname="com.absli.testcases.EndToEndProposerSameDigishieldTest" name="CompleteJourneyProposerSameNonSmoker7PayMonthly" time="0.0">
    <ignored/>
  </testcase> <!-- CompleteJourneyProposerSameNonSmoker7PayMonthly -->
  <testcase classname="com.absli.testcases.EndToEndProposerSameDigishieldTest" name="CompleteJourneyProposerSameNonSmoker15PayQuarterlyNoAci" time="0.0">
    <ignored/>
  </testcase> <!-- CompleteJourneyProposerSameNonSmoker15PayQuarterlyNoAci -->
  <testcase classname="com.absli.testcases.EndToEndProposerSameDigishieldTest" name="CompleteJourneyProposerSameNonSmoker7PayAnnualNoAci" time="0.0">
    <ignored/>
  </testcase> <!-- CompleteJourneyProposerSameNonSmoker7PayAnnualNoAci -->
  <testcase classname="com.absli.testcases.EndToEndProposerSameDigishieldTest" name="CompleteJourneyProposerSameNonSmoker15PayAnnualNoAci" time="0.0">
    <ignored/>
  </testcase> <!-- CompleteJourneyProposerSameNonSmoker15PayAnnualNoAci -->
  <testcase classname="com.absli.testcases.EndToEndProposerSameDigishieldTest" name="CompleteJourneyProposerSameNonSmoker10PayQuarterly" time="0.0">
    <ignored/>
  </testcase> <!-- CompleteJourneyProposerSameNonSmoker10PayQuarterly -->
  <testcase classname="com.absli.testcases.EndToEndProposerSameDigishieldTest" name="CompleteJourneyProposerSameNonSmokerRegularPayMonthlyRider2" time="0.0">
    <ignored/>
  </testcase> <!-- CompleteJourneyProposerSameNonSmokerRegularPayMonthlyRider2 -->
  <testcase classname="com.absli.testcases.EndToEndProposerSameDigishieldTest" name="CompleteJourneyProposerSameNonSmoker10PayAnnualNoAci" time="0.0">
    <ignored/>
  </testcase> <!-- CompleteJourneyProposerSameNonSmoker10PayAnnualNoAci -->
  <testcase classname="com.absli.testcases.EndToEndProposerSameDigishieldTest" name="CompleteJourneyProposerSameNonSmoker20PayQuarterly" time="0.0">
    <ignored/>
  </testcase> <!-- CompleteJourneyProposerSameNonSmoker20PayQuarterly -->
  <testcase classname="com.absli.testcases.EndToEndProposerSameDigishieldTest" name="CompleteJourneyProposerSameNonSmoker20PayAnnualNoAci" time="0.0">
    <ignored/>
  </testcase> <!-- CompleteJourneyProposerSameNonSmoker20PayAnnualNoAci -->
  <testcase classname="com.absli.testcases.EndToEndProposerSameDigishieldTest" name="CompleteJourneyProposerSameNonSmoker7PayMonthlyRider2" time="0.0">
    <ignored/>
  </testcase> <!-- CompleteJourneyProposerSameNonSmoker7PayMonthlyRider2 -->
  <testcase classname="com.absli.testcases.EndToEndProposerSameDigishieldTest" name="CompleteJourneyProposerSameNonSmoker7PaySemiAnnualRider2" time="0.0">
    <ignored/>
  </testcase> <!-- CompleteJourneyProposerSameNonSmoker7PaySemiAnnualRider2 -->
  <testcase classname="com.absli.testcases.EndToEndProposerSameDigishieldTest" name="CompleteJourneyProposerSameNonSmoker15PayMonthlyNoAci" time="0.0">
    <ignored/>
  </testcase> <!-- CompleteJourneyProposerSameNonSmoker15PayMonthlyNoAci -->
  <testcase classname="com.absli.testcases.EndToEndProposerSameDigishieldTest" name="CompleteJourneyProposerSameNonSmoker7PayMonthlyNoAci" time="0.0">
    <ignored/>
  </testcase> <!-- CompleteJourneyProposerSameNonSmoker7PayMonthlyNoAci -->
  <testcase classname="com.absli.testcases.EndToEndProposerSameDigishieldTest" name="CompleteJourneyProposerSameNonSmoker12PayQuarterlyNoAci" time="0.0">
    <ignored/>
  </testcase> <!-- CompleteJourneyProposerSameNonSmoker12PayQuarterlyNoAci -->
  <testcase classname="com.absli.testcases.EndToEndProposerSameDigishieldTest" name="CompleteJourneyProposerSameNonSmoker20PayAnnualRider1" time="0.0">
    <ignored/>
  </testcase> <!-- CompleteJourneyProposerSameNonSmoker20PayAnnualRider1 -->
  <testcase classname="com.absli.testcases.EndToEndProposerSameDigishieldTest" name="CompleteJourneyProposerSameNonSmoker5PaySemiAnnualRider1" time="0.0">
    <ignored/>
  </testcase> <!-- CompleteJourneyProposerSameNonSmoker5PaySemiAnnualRider1 -->
  <testcase classname="com.absli.testcases.EndToEndProposerSameDigishieldTest" name="CompleteJourneyProposerSameNonSmoker20PayAnnualRider2" time="0.0">
    <ignored/>
  </testcase> <!-- CompleteJourneyProposerSameNonSmoker20PayAnnualRider2 -->
  <testcase classname="com.absli.testcases.EndToEndProposerSameDigishieldTest" name="CompleteJourneyProposerSameNonSmoker15PaySemiAnnualNoAci" time="0.0">
    <ignored/>
  </testcase> <!-- CompleteJourneyProposerSameNonSmoker15PaySemiAnnualNoAci -->
  <testcase classname="com.absli.testcases.EndToEndProposerSameDigishieldTest" name="CompleteJourneyProposerSameNonSmoker5PaySemiAnnualRider2" time="0.0">
    <ignored/>
  </testcase> <!-- CompleteJourneyProposerSameNonSmoker5PaySemiAnnualRider2 -->
  <testcase classname="com.absli.testcases.EndToEndProposerSameDigishieldTest" name="CompleteJourneyProposerSameNonSmoker15PayMonthly" time="0.0">
    <ignored/>
  </testcase> <!-- CompleteJourneyProposerSameNonSmoker15PayMonthly -->
  <testcase classname="com.absli.testcases.EndToEndProposerSameDigishieldTest" name="CompleteJourneyProposerSameNonSmoker15PayAnnualRider2" time="0.0">
    <ignored/>
  </testcase> <!-- CompleteJourneyProposerSameNonSmoker15PayAnnualRider2 -->
  <testcase classname="com.absli.testcases.EndToEndProposerSameDigishieldTest" name="CompleteJourneyProposerSameNonSmoker15PayQuarterlyRider2" time="0.0">
    <ignored/>
  </testcase> <!-- CompleteJourneyProposerSameNonSmoker15PayQuarterlyRider2 -->
  <testcase classname="com.absli.testcases.EndToEndProposerSameDigishieldTest" name="CompleteJourneyProposerSameNonSmoker15PayAnnual" time="0.0">
    <ignored/>
  </testcase> <!-- CompleteJourneyProposerSameNonSmoker15PayAnnual -->
  <testcase classname="com.absli.testcases.EndToEndProposerSameDigishieldTest" name="CompleteJourneyProposerSameNonSmoker15PayAnnualRider1" time="0.0">
    <ignored/>
  </testcase> <!-- CompleteJourneyProposerSameNonSmoker15PayAnnualRider1 -->
</testsuite> <!-- Suite Test7 -->
