<?xml version="1.0" encoding="UTF-8"?>
<!-- Generated by org.testng.reporters.JUnitXMLReporter -->
<testsuite ignored="96" hostname="LAPTOP-8KATJP3L" failures="1" tests="1" name="Suite Test14" time="377.798" errors="0" timestamp="17 Jan 2023 03:57:18 GMT">
  <testcase classname="com.absli.testcases.EndToEndProposerSameDigishieldTest" name="CompleteJourneyProposerSameNonSmoker20PaySemiAnnual" time="356.002">
    <failure type="org.codehaus.groovy.GroovyBugError" message="BUG! exception in phase &amp;apos;conversion&amp;apos; in source unit &amp;apos;Script1.groovy&amp;apos; Cannot invoke &amp;quot;Object.equals(Object)&amp;quot; because &amp;quot;this.listKeys[i]&amp;quot; is null">
      <![CDATA[BUG! exception in phase 'conversion' in source unit 'Script1.groovy' Cannot invoke "Object.equals(Object)" because "this.listKeys[i]" is null
	at org.codehaus.groovy.control.CompilationUnit$ISourceUnitOperation.doPhaseOperation(CompilationUnit.java:861)
	at org.codehaus.groovy.control.CompilationUnit.processPhaseOperations(CompilationUnit.java:653)
	at org.codehaus.groovy.control.CompilationUnit.compile(CompilationUnit.java:627)
	at groovy.lang.GroovyClassLoader.doParseClass(GroovyClassLoader.java:368)
	at groovy.lang.GroovyClassLoader.lambda$parseClass$2(GroovyClassLoader.java:311)
	at org.codehaus.groovy.runtime.memoize.StampedCommonCache.compute(StampedCommonCache.java:163)
	at org.codehaus.groovy.runtime.memoize.StampedCommonCache.getAndPut(StampedCommonCache.java:154)
	at groovy.lang.GroovyClassLoader.parseClass(GroovyClassLoader.java:309)
	at groovy.lang.GroovyShell.parseClass(GroovyShell.java:543)
	at groovy.lang.GroovyShell.parse(GroovyShell.java:556)
	at groovy.lang.GroovyShell.parse(GroovyShell.java:568)
	at groovy.lang.GroovyShell.evaluate(GroovyShell.java:431)
	at groovy.lang.GroovyShell.evaluate(GroovyShell.java:466)
	at groovy.lang.GroovyShell.evaluate(GroovyShell.java:441)
	at org.codehaus.groovy.runtime.callsite.PlainObjectMetaMethodSite.doInvoke(PlainObjectMetaMethodSite.java:43)
	at org.codehaus.groovy.runtime.callsite.PogoMetaMethodSite$PogoCachedMethodSiteNoUnwrap.invoke(PogoMetaMethodSite.java:186)
	at org.codehaus.groovy.runtime.callsite.PogoMetaMethodSite.call(PogoMetaMethodSite.java:75)
	at org.codehaus.groovy.runtime.callsite.AbstractCallSite.call(AbstractCallSite.java:139)
	at io.restassured.internal.path.json.JSONAssertion.eval(JSONAssertion.groovy:80)
	at io.restassured.internal.path.json.JSONAssertion.this$2$eval(JSONAssertion.groovy)
	at org.codehaus.groovy.runtime.callsite.PlainObjectMetaMethodSite.doInvoke(PlainObjectMetaMethodSite.java:43)
	at org.codehaus.groovy.runtime.callsite.PogoMetaMethodSite$PogoCachedMethodSiteNoUnwrapNoCoerce.invoke(PogoMetaMethodSite.java:198)
	at org.codehaus.groovy.runtime.callsite.PogoMetaMethodSite.callCurrent(PogoMetaMethodSite.java:62)
	at org.codehaus.groovy.runtime.callsite.AbstractCallSite.callCurrent(AbstractCallSite.java:203)
	at io.restassured.internal.path.json.JSONAssertion.getAsJsonObject(JSONAssertion.groovy:46)
	at io.restassured.internal.path.json.JSONAssertion$getAsJsonObject$0.callCurrent(Unknown Source)
	at io.restassured.internal.path.json.JSONAssertion.getResult(JSONAssertion.groovy:28)
	at io.restassured.path.json.JsonPath.get(JsonPath.java:203)
	at com.absli.APIData.ApiData.getToken(ApiData.java:54)
	at com.absli.pageObjects.ReviewAndAccept.performLinkGenAndOTPFill(ReviewAndAccept.java:120)
	at Utils.TestFactory.gotoProposerSameEndtoEndFlowweb(TestFactory.java:14724)
	at com.absli.testcases.EndToEndProposerSameDigishieldTest.CompleteJourneyProposerSameNonSmoker20PaySemiAnnual(EndToEndProposerSameDigishieldTest.java:1019)
	at java.base/java.util.concurrent.FutureTask.run(FutureTask.java:264)
	at java.base/java.util.concurrent.ThreadPoolExecutor.runWorker(ThreadPoolExecutor.java:1136)
	at java.base/java.util.concurrent.ThreadPoolExecutor$Worker.run(ThreadPoolExecutor.java:635)
	at java.base/java.lang.Thread.run(Thread.java:833)
Caused by: java.lang.NullPointerException: Cannot invoke "Object.equals(Object)" because "this.listKeys[i]" is null
	at org.codehaus.groovy.util.ListHashMap.get(ListHashMap.java:120)
	at org.codehaus.groovy.ast.NodeMetaDataHandler.getNodeMetaData(NodeMetaDataHandler.java:44)
	at org.codehaus.groovy.ast.ClassHelper.isDynamicTyped(ClassHelper.java:432)
	at org.codehaus.groovy.ast.Parameter.setType(Parameter.java:71)
	at org.codehaus.groovy.ast.Parameter.<init>(Parameter.java:43)
	at org.codehaus.groovy.ast.tools.GeneralUtils.param(GeneralUtils.java:763)
	at org.codehaus.groovy.ast.tools.GeneralUtils.param(GeneralUtils.java:759)
	at org.codehaus.groovy.ast.ModuleNode.createStatementsClass(ModuleNode.java:379)
	at org.codehaus.groovy.ast.ModuleNode.getClasses(ModuleNode.java:90)
	at org.codehaus.groovy.ast.CompileUnit.addModule(CompileUnit.java:149)
	at org.codehaus.groovy.control.CompilationUnit.lambda$addPhaseOperations$1(CompilationUnit.java:191)
	at org.codehaus.groovy.control.CompilationUnit$ISourceUnitOperation.doPhaseOperation(CompilationUnit.java:857)
	... 53 more
... Removed 18 stack frames]]>
    </failure>
  </testcase> <!-- CompleteJourneyProposerSameNonSmoker20PaySemiAnnual -->
  <testcase classname="com.absli.testcases.EndToEndProposerSameDigishieldTest" name="CompleteJourneyProposerSameNonSmoker20PayMonthlyNoAci" time="0.0">
    <ignored/>
  </testcase> <!-- CompleteJourneyProposerSameNonSmoker20PayMonthlyNoAci -->
  <testcase classname="com.absli.testcases.EndToEndProposerSameDigishieldTest" name="CompleteJourneyProposerSameNonSmoker5PayMonthlyNoAci" time="0.0">
    <ignored/>
  </testcase> <!-- CompleteJourneyProposerSameNonSmoker5PayMonthlyNoAci -->
  <testcase classname="com.absli.testcases.EndToEndProposerSameDigishieldTest" name="CompleteJourneyProposerSameNonSmoker7PayAnnual" time="0.0">
    <ignored/>
  </testcase> <!-- CompleteJourneyProposerSameNonSmoker7PayAnnual -->
  <testcase classname="com.absli.testcases.EndToEndProposerSameDigishieldTest" name="CompleteJourneyProposerSameNonSmoker20PayQuarterlyRider2" time="0.0">
    <ignored/>
  </testcase> <!-- CompleteJourneyProposerSameNonSmoker20PayQuarterlyRider2 -->
  <testcase classname="com.absli.testcases.EndToEndProposerSameDigishieldTest" name="CompleteJourneyProposerSameNonSmoker20PayQuarterlyNoAci" time="0.0">
    <ignored/>
  </testcase> <!-- CompleteJourneyProposerSameNonSmoker20PayQuarterlyNoAci -->
  <testcase classname="com.absli.testcases.EndToEndProposerSameDigishieldTest" name="CompleteJourneyProposerSameNonSmoker5PayMonthly" time="0.0">
    <ignored/>
  </testcase> <!-- CompleteJourneyProposerSameNonSmoker5PayMonthly -->
  <testcase classname="com.absli.testcases.EndToEndProposerSameDigishieldTest" name="CompleteJourneyProposerSameNonSmoker15PaySemiAnnualRider1" time="0.0">
    <ignored/>
  </testcase> <!-- CompleteJourneyProposerSameNonSmoker15PaySemiAnnualRider1 -->
  <testcase classname="com.absli.testcases.EndToEndProposerSameDigishieldTest" name="CompleteJourneyProposerSameNonSmokerRegularPayAnnualNoAci" time="0.0">
    <ignored/>
  </testcase> <!-- CompleteJourneyProposerSameNonSmokerRegularPayAnnualNoAci -->
  <testcase classname="com.absli.testcases.EndToEndProposerSameDigishieldTest" name="CompleteJourneyProposerSameNonSmoker15PayMonthlyRider2" time="0.0">
    <ignored/>
  </testcase> <!-- CompleteJourneyProposerSameNonSmoker15PayMonthlyRider2 -->
  <testcase classname="com.absli.testcases.EndToEndProposerSameDigishieldTest" name="CompleteJourneyProposerSameNonSmoker10PaySemiAnnual" time="0.0">
    <ignored/>
  </testcase> <!-- CompleteJourneyProposerSameNonSmoker10PaySemiAnnual -->
  <testcase classname="com.absli.testcases.EndToEndProposerSameDigishieldTest" name="CompleteJourneyProposerSameNonSmoker15PaySemiAnnualRider2" time="0.0">
    <ignored/>
  </testcase> <!-- CompleteJourneyProposerSameNonSmoker15PaySemiAnnualRider2 -->
  <testcase classname="com.absli.testcases.EndToEndProposerSameDigishieldTest" name="CompleteJourneyProposerSameNonSmoker5PayQuarterlyRider2" time="0.0">
    <ignored/>
  </testcase> <!-- CompleteJourneyProposerSameNonSmoker5PayQuarterlyRider2 -->
  <testcase classname="com.absli.testcases.EndToEndProposerSameDigishieldTest" name="CompleteJourneyProposerSameNonSmoker5PaySemiAnnual" time="0.0">
    <ignored/>
  </testcase> <!-- CompleteJourneyProposerSameNonSmoker5PaySemiAnnual -->
  <testcase classname="com.absli.testcases.EndToEndProposerSameDigishieldTest" name="CompleteJourneyProposerSameNonSmoker12PayQuarterly" time="0.0">
    <ignored/>
  </testcase> <!-- CompleteJourneyProposerSameNonSmoker12PayQuarterly -->
  <testcase classname="com.absli.testcases.EndToEndProposerSameDigishieldTest" name="CompleteJourneyProposerSameNonSmoker12PayMonthlyRider2" time="0.0">
    <ignored/>
  </testcase> <!-- CompleteJourneyProposerSameNonSmoker12PayMonthlyRider2 -->
  <testcase classname="com.absli.testcases.EndToEndProposerSameDigishieldTest" name="CompleteJourneyProposerSameNonSmoker5PayAnnual" time="0.0">
    <ignored/>
  </testcase> <!-- CompleteJourneyProposerSameNonSmoker5PayAnnual -->
  <testcase classname="com.absli.testcases.EndToEndProposerSameDigishieldTest" name="CompleteJourneyProposerSameNonSmoker5PayQuarterlyNoAci" time="0.0">
    <ignored/>
  </testcase> <!-- CompleteJourneyProposerSameNonSmoker5PayQuarterlyNoAci -->
  <testcase classname="com.absli.testcases.EndToEndProposerSameDigishieldTest" name="CompleteJourneyProposerSameNonSmoker10PayQuarterlyNoAci" time="0.0">
    <ignored/>
  </testcase> <!-- CompleteJourneyProposerSameNonSmoker10PayQuarterlyNoAci -->
  <testcase classname="com.absli.testcases.EndToEndProposerSameDigishieldTest" name="CompleteJourneyProposerSameNonSmoker7PayAnnualRider2" time="0.0">
    <ignored/>
  </testcase> <!-- CompleteJourneyProposerSameNonSmoker7PayAnnualRider2 -->
  <testcase classname="com.absli.testcases.EndToEndProposerSameDigishieldTest" name="CompleteJourneyProposerSameNonSmoker10PayAnnualRider2" time="0.0">
    <ignored/>
  </testcase> <!-- CompleteJourneyProposerSameNonSmoker10PayAnnualRider2 -->
  <testcase classname="com.absli.testcases.EndToEndProposerSameDigishieldTest" name="CompleteJourneyProposerSameNonSmoker5PaySemiAnnualNoAci" time="0.0">
    <ignored/>
  </testcase> <!-- CompleteJourneyProposerSameNonSmoker5PaySemiAnnualNoAci -->
  <testcase classname="com.absli.testcases.EndToEndProposerSameDigishieldTest" name="CompleteJourneyProposerSameNonSmoker20PayMonthly" time="0.0">
    <ignored/>
  </testcase> <!-- CompleteJourneyProposerSameNonSmoker20PayMonthly -->
  <testcase classname="com.absli.testcases.EndToEndProposerSameDigishieldTest" name="CompleteJourneyProposerSameNonSmoker7PayAnnualRider1" time="0.0">
    <ignored/>
  </testcase> <!-- CompleteJourneyProposerSameNonSmoker7PayAnnualRider1 -->
  <testcase classname="com.absli.testcases.EndToEndProposerSameDigishieldTest" name="CompleteJourneyProposerSameNonSmoker12PayMonthly" time="0.0">
    <ignored/>
  </testcase> <!-- CompleteJourneyProposerSameNonSmoker12PayMonthly -->
  <testcase classname="com.absli.testcases.EndToEndProposerSameDigishieldTest" name="CompleteJourneyProposerSameNonSmoker7PaySemiAnnual" time="0.0">
    <ignored/>
  </testcase> <!-- CompleteJourneyProposerSameNonSmoker7PaySemiAnnual -->
  <testcase classname="com.absli.testcases.EndToEndProposerSameDigishieldTest" name="CompleteJourneyProposerSameNonSmokerRegularPayQuarterlyRider1" time="0.0">
    <ignored/>
  </testcase> <!-- CompleteJourneyProposerSameNonSmokerRegularPayQuarterlyRider1 -->
  <testcase classname="com.absli.testcases.EndToEndProposerSameDigishieldTest" name="CompleteJourneyProposerSameNonSmoker20PaySemiAnnualNoAci" time="0.0">
    <ignored/>
  </testcase> <!-- CompleteJourneyProposerSameNonSmoker20PaySemiAnnualNoAci -->
  <testcase classname="com.absli.testcases.EndToEndProposerSameDigishieldTest" name="CompleteJourneyProposerSameNonSmoker10PayAnnualRider1" time="0.0">
    <ignored/>
  </testcase> <!-- CompleteJourneyProposerSameNonSmoker10PayAnnualRider1 -->
  <testcase classname="com.absli.testcases.EndToEndProposerSameDigishieldTest" name="CompleteJourneyProposerSameNonSmoker12PayAnnualRider2" time="0.0">
    <ignored/>
  </testcase> <!-- CompleteJourneyProposerSameNonSmoker12PayAnnualRider2 -->
  <testcase classname="com.absli.testcases.EndToEndProposerSameDigishieldTest" name="CompleteJourneyProposerSameNonSmokerRegularPayQuarterlyRider2" time="0.0">
    <ignored/>
  </testcase> <!-- CompleteJourneyProposerSameNonSmokerRegularPayQuarterlyRider2 -->
  <testcase classname="com.absli.testcases.EndToEndProposerSameDigishieldTest" name="CompleteJourneyProposerSameNonSmokerRegularPayAnnualRider2" time="0.0">
    <ignored/>
  </testcase> <!-- CompleteJourneyProposerSameNonSmokerRegularPayAnnualRider2 -->
  <testcase classname="com.absli.testcases.EndToEndProposerSameDigishieldTest" name="CompleteJourneyProposerSameNonSmoker12PayAnnualNoAci" time="0.0">
    <ignored/>
  </testcase> <!-- CompleteJourneyProposerSameNonSmoker12PayAnnualNoAci -->
  <testcase classname="com.absli.testcases.EndToEndProposerSameDigishieldTest" name="CompleteJourneyProposerSameNonSmoker12PayAnnualRider1" time="0.0">
    <ignored/>
  </testcase> <!-- CompleteJourneyProposerSameNonSmoker12PayAnnualRider1 -->
  <testcase classname="com.absli.testcases.EndToEndProposerSameDigishieldTest" name="CompleteJourneyProposerSameNonSmokerRegularPayAnnualRider1" time="0.0">
    <ignored/>
  </testcase> <!-- CompleteJourneyProposerSameNonSmokerRegularPayAnnualRider1 -->
  <testcase classname="com.absli.testcases.EndToEndProposerSameDigishieldTest" name="CompleteJourneyProposerSameNonSmokerRegularPaySemiAnnualRider2" time="0.0">
    <ignored/>
  </testcase> <!-- CompleteJourneyProposerSameNonSmokerRegularPaySemiAnnualRider2 -->
  <testcase classname="com.absli.testcases.EndToEndProposerSameDigishieldTest" name="CompleteJourneyProposerSameNonSmoker5PayAnnualNoAci" time="0.0">
    <ignored/>
  </testcase> <!-- CompleteJourneyProposerSameNonSmoker5PayAnnualNoAci -->
  <testcase classname="com.absli.testcases.EndToEndProposerSameDigishieldTest" name="CompleteJourneyProposerSameNonSmoker10PayMonthly" time="0.0">
    <ignored/>
  </testcase> <!-- CompleteJourneyProposerSameNonSmoker10PayMonthly -->
  <testcase classname="com.absli.testcases.EndToEndProposerSameDigishieldTest" name="CompleteJourneyProposerSameNonSmoker15PayQuarterly" time="0.0">
    <ignored/>
  </testcase> <!-- CompleteJourneyProposerSameNonSmoker15PayQuarterly -->
  <testcase classname="com.absli.testcases.EndToEndProposerSameDigishieldTest" name="CompleteJourneyProposerSameNonSmoker12PaySemiAnnual" time="0.0">
    <ignored/>
  </testcase> <!-- CompleteJourneyProposerSameNonSmoker12PaySemiAnnual -->
  <testcase classname="com.absli.testcases.EndToEndProposerSameDigishieldTest" name="CompleteJourneyProposerSameNonSmoker5PayMonthlyRider2" time="0.0">
    <ignored/>
  </testcase> <!-- CompleteJourneyProposerSameNonSmoker5PayMonthlyRider2 -->
  <testcase classname="com.absli.testcases.EndToEndProposerSameDigishieldTest" name="CompleteJourneyProposerSameNonSmoker10PayMonthlyNoAci" time="0.0">
    <ignored/>
  </testcase> <!-- CompleteJourneyProposerSameNonSmoker10PayMonthlyNoAci -->
  <testcase classname="com.absli.testcases.EndToEndProposerSameDigishieldTest" name="CompleteJourneyProposerSameNonSmoker12PaySemiAnnualNoAci" time="0.0">
    <ignored/>
  </testcase> <!-- CompleteJourneyProposerSameNonSmoker12PaySemiAnnualNoAci -->
  <testcase classname="com.absli.testcases.EndToEndProposerSameDigishieldTest" name="CompleteJourneyProposerSameNonSmoker7PayQuarterlyNoAci" time="0.0">
    <ignored/>
  </testcase> <!-- CompleteJourneyProposerSameNonSmoker7PayQuarterlyNoAci -->
  <testcase classname="com.absli.testcases.EndToEndProposerSameDigishieldTest" name="CompleteJourneyProposerSameNonSmoker5PayAnnualRider2" time="0.0">
    <ignored/>
  </testcase> <!-- CompleteJourneyProposerSameNonSmoker5PayAnnualRider2 -->
  <testcase classname="com.absli.testcases.EndToEndProposerSameDigishieldTest" name="CompleteJourneyProposerSameNonSmokerRegularPayMonthlyNoAci" time="0.0">
    <ignored/>
  </testcase> <!-- CompleteJourneyProposerSameNonSmokerRegularPayMonthlyNoAci -->
  <testcase classname="com.absli.testcases.EndToEndProposerSameDigishieldTest" name="CompleteJourneyProposerSameNonSmokerRegularPayQuarterlyNoAci" time="0.0">
    <ignored/>
  </testcase> <!-- CompleteJourneyProposerSameNonSmokerRegularPayQuarterlyNoAci -->
  <testcase classname="com.absli.testcases.EndToEndProposerSameDigishieldTest" name="CompleteJourneyProposerSameNonSmoker7PayQuarterlyRider2" time="0.0">
    <ignored/>
  </testcase> <!-- CompleteJourneyProposerSameNonSmoker7PayQuarterlyRider2 -->
  <testcase classname="com.absli.testcases.EndToEndProposerSameDigishieldTest" name="CompleteJourneyProposerSameNonSmoker20PayMonthlyRider2" time="0.0">
    <ignored/>
  </testcase> <!-- CompleteJourneyProposerSameNonSmoker20PayMonthlyRider2 -->
  <testcase classname="com.absli.testcases.EndToEndProposerSameDigishieldTest" name="CompleteJourneyProposerSameNonSmoker5PayAnnualRider1" time="0.0">
    <ignored/>
  </testcase> <!-- CompleteJourneyProposerSameNonSmoker5PayAnnualRider1 -->
  <testcase classname="com.absli.testcases.EndToEndProposerSameDigishieldTest" name="CompleteJourneyProposerSameNonSmoker12PayQuarterlyRider2" time="0.0">
    <ignored/>
  </testcase> <!-- CompleteJourneyProposerSameNonSmoker12PayQuarterlyRider2 -->
  <testcase classname="com.absli.testcases.EndToEndProposerSameDigishieldTest" name="CompleteJourneyProposerSameNonSmoker20PaySemiAnnualRider1" time="0.0">
    <ignored/>
  </testcase> <!-- CompleteJourneyProposerSameNonSmoker20PaySemiAnnualRider1 -->
  <testcase classname="com.absli.testcases.EndToEndProposerSameDigishieldTest" name="CompleteJourneyProposerSameNonSmoker12PayAnnual" time="0.0">
    <ignored/>
  </testcase> <!-- CompleteJourneyProposerSameNonSmoker12PayAnnual -->
  <testcase classname="com.absli.testcases.EndToEndProposerSameDigishieldTest" name="CompleteJourneyProposerSameNonSmoker15PaySemiAnnual" time="0.0">
    <ignored/>
  </testcase> <!-- CompleteJourneyProposerSameNonSmoker15PaySemiAnnual -->
  <testcase classname="com.absli.testcases.EndToEndProposerSameDigishieldTest" name="CompleteJourneyProposerSameNonSmokerRegularPaySemiAnnualNoAci" time="0.0">
    <ignored/>
  </testcase> <!-- CompleteJourneyProposerSameNonSmokerRegularPaySemiAnnualNoAci -->
  <testcase classname="com.absli.testcases.EndToEndProposerSameDigishieldTest" name="CompleteJourneyProposerSameNonSmoker10PaySemiAnnualRider2" time="0.0">
    <ignored/>
  </testcase> <!-- CompleteJourneyProposerSameNonSmoker10PaySemiAnnualRider2 -->
  <testcase classname="com.absli.testcases.EndToEndProposerSameDigishieldTest" name="CompleteJourneyProposerSameNonSmoker10PayAnnual" time="0.0">
    <ignored/>
  </testcase> <!-- CompleteJourneyProposerSameNonSmoker10PayAnnual -->
  <testcase classname="com.absli.testcases.EndToEndProposerSameDigishieldTest" name="CompleteJourneyProposerSameNonSmoker10PaySemiAnnualRider1" time="0.0">
    <ignored/>
  </testcase> <!-- CompleteJourneyProposerSameNonSmoker10PaySemiAnnualRider1 -->
  <testcase classname="com.absli.testcases.EndToEndProposerSameDigishieldTest" name="CompleteJourneyProposerSameNonSmoker12PaySemiAnnualRider2" time="0.0">
    <ignored/>
  </testcase> <!-- CompleteJourneyProposerSameNonSmoker12PaySemiAnnualRider2 -->
  <testcase classname="com.absli.testcases.EndToEndProposerSameDigishieldTest" name="CompleteJourneyProposerSameNonSmokerRegularPayMonthly" time="0.0">
    <ignored/>
  </testcase> <!-- CompleteJourneyProposerSameNonSmokerRegularPayMonthly -->
  <testcase classname="com.absli.testcases.EndToEndProposerSameDigishieldTest" name="CompleteJourneyProposerSameNonSmoker12PayMonthlyNoAci" time="0.0">
    <ignored/>
  </testcase> <!-- CompleteJourneyProposerSameNonSmoker12PayMonthlyNoAci -->
  <testcase classname="com.absli.testcases.EndToEndProposerSameDigishieldTest" name="CompleteJourneyProposerSameNonSmoker10PayQuarterlyRider2" time="0.0">
    <ignored/>
  </testcase> <!-- CompleteJourneyProposerSameNonSmoker10PayQuarterlyRider2 -->
  <testcase classname="com.absli.testcases.EndToEndProposerSameDigishieldTest" name="CompleteJourneyProposerSameNonSmoker10PayMonthlyRider2" time="0.0">
    <ignored/>
  </testcase> <!-- CompleteJourneyProposerSameNonSmoker10PayMonthlyRider2 -->
  <testcase classname="com.absli.testcases.EndToEndProposerSameDigishieldTest" name="CompleteJourneyProposerSameNonSmoker12PaySemiAnnualRider1" time="0.0">
    <ignored/>
  </testcase> <!-- CompleteJourneyProposerSameNonSmoker12PaySemiAnnualRider1 -->
  <testcase classname="com.absli.testcases.EndToEndProposerSameDigishieldTest" name="CompleteJourneyProposerSameNonSmokerRegularPayQuarterly" time="0.0">
    <ignored/>
  </testcase> <!-- CompleteJourneyProposerSameNonSmokerRegularPayQuarterly -->
  <testcase classname="com.absli.testcases.EndToEndProposerSameDigishieldTest" name="CompleteJourneyProposerSameNonSmokerRegularPaySemiAnnual" time="0.0">
    <ignored/>
  </testcase> <!-- CompleteJourneyProposerSameNonSmokerRegularPaySemiAnnual -->
  <testcase classname="com.absli.testcases.EndToEndProposerSameDigishieldTest" name="CompleteJourneyProposerSameNonSmoker7PaySemiAnnualNoAci" time="0.0">
    <ignored/>
  </testcase> <!-- CompleteJourneyProposerSameNonSmoker7PaySemiAnnualNoAci -->
  <testcase classname="com.absli.testcases.EndToEndProposerSameDigishieldTest" name="CompleteJourneyProposerSameNonSmoker10PaySemiAnnualNoAci" time="0.0">
    <ignored/>
  </testcase> <!-- CompleteJourneyProposerSameNonSmoker10PaySemiAnnualNoAci -->
  <testcase classname="com.absli.testcases.EndToEndProposerSameDigishieldTest" name="CompleteJourneyProposerSameNonSmokerRegularPayAnnual" time="0.0">
    <ignored/>
  </testcase> <!-- CompleteJourneyProposerSameNonSmokerRegularPayAnnual -->
  <testcase classname="com.absli.testcases.EndToEndProposerSameDigishieldTest" name="CompleteJourneyProposerSameNonSmoker7PayQuarterly" time="0.0">
    <ignored/>
  </testcase> <!-- CompleteJourneyProposerSameNonSmoker7PayQuarterly -->
  <testcase classname="com.absli.testcases.EndToEndProposerSameDigishieldTest" name="CompleteJourneyProposerSameNonSmoker5PayQuarterly" time="0.0">
    <ignored/>
  </testcase> <!-- CompleteJourneyProposerSameNonSmoker5PayQuarterly -->
  <testcase classname="com.absli.testcases.EndToEndProposerSameDigishieldTest" name="CompleteJourneyProposerSameNonSmokerRegularPaySemiAnnualRider1" time="0.0">
    <ignored/>
  </testcase> <!-- CompleteJourneyProposerSameNonSmokerRegularPaySemiAnnualRider1 -->
  <testcase classname="com.absli.testcases.EndToEndProposerSameDigishieldTest" name="CompleteJourneyProposerSameNonSmoker7PayMonthly" time="0.0">
    <ignored/>
  </testcase> <!-- CompleteJourneyProposerSameNonSmoker7PayMonthly -->
  <testcase classname="com.absli.testcases.EndToEndProposerSameDigishieldTest" name="CompleteJourneyProposerSameNonSmoker15PayQuarterlyNoAci" time="0.0">
    <ignored/>
  </testcase> <!-- CompleteJourneyProposerSameNonSmoker15PayQuarterlyNoAci -->
  <testcase classname="com.absli.testcases.EndToEndProposerSameDigishieldTest" name="CompleteJourneyProposerSameNonSmoker7PayAnnualNoAci" time="0.0">
    <ignored/>
  </testcase> <!-- CompleteJourneyProposerSameNonSmoker7PayAnnualNoAci -->
  <testcase classname="com.absli.testcases.EndToEndProposerSameDigishieldTest" name="CompleteJourneyProposerSameNonSmoker15PayAnnualNoAci" time="0.0">
    <ignored/>
  </testcase> <!-- CompleteJourneyProposerSameNonSmoker15PayAnnualNoAci -->
  <testcase classname="com.absli.testcases.EndToEndProposerSameDigishieldTest" name="CompleteJourneyProposerSameNonSmoker10PayQuarterly" time="0.0">
    <ignored/>
  </testcase> <!-- CompleteJourneyProposerSameNonSmoker10PayQuarterly -->
  <testcase classname="com.absli.testcases.EndToEndProposerSameDigishieldTest" name="CompleteJourneyProposerSameNonSmokerRegularPayMonthlyRider2" time="0.0">
    <ignored/>
  </testcase> <!-- CompleteJourneyProposerSameNonSmokerRegularPayMonthlyRider2 -->
  <testcase classname="com.absli.testcases.EndToEndProposerSameDigishieldTest" name="CompleteJourneyProposerSameNonSmoker10PayAnnualNoAci" time="0.0">
    <ignored/>
  </testcase> <!-- CompleteJourneyProposerSameNonSmoker10PayAnnualNoAci -->
  <testcase classname="com.absli.testcases.EndToEndProposerSameDigishieldTest" name="CompleteJourneyProposerSameNonSmoker20PayQuarterly" time="0.0">
    <ignored/>
  </testcase> <!-- CompleteJourneyProposerSameNonSmoker20PayQuarterly -->
  <testcase classname="com.absli.testcases.EndToEndProposerSameDigishieldTest" name="CompleteJourneyProposerSameNonSmoker20PayAnnualNoAci" time="0.0">
    <ignored/>
  </testcase> <!-- CompleteJourneyProposerSameNonSmoker20PayAnnualNoAci -->
  <testcase classname="com.absli.testcases.EndToEndProposerSameDigishieldTest" name="CompleteJourneyProposerSameNonSmoker20PayAnnual" time="0.0">
    <ignored/>
  </testcase> <!-- CompleteJourneyProposerSameNonSmoker20PayAnnual -->
  <testcase classname="com.absli.testcases.EndToEndProposerSameDigishieldTest" name="CompleteJourneyProposerSameNonSmoker7PayMonthlyRider2" time="0.0">
    <ignored/>
  </testcase> <!-- CompleteJourneyProposerSameNonSmoker7PayMonthlyRider2 -->
  <testcase classname="com.absli.testcases.EndToEndProposerSameDigishieldTest" name="CompleteJourneyProposerSameNonSmoker7PaySemiAnnualRider2" time="0.0">
    <ignored/>
  </testcase> <!-- CompleteJourneyProposerSameNonSmoker7PaySemiAnnualRider2 -->
  <testcase classname="com.absli.testcases.EndToEndProposerSameDigishieldTest" name="CompleteJourneyProposerSameNonSmoker15PayMonthlyNoAci" time="0.0">
    <ignored/>
  </testcase> <!-- CompleteJourneyProposerSameNonSmoker15PayMonthlyNoAci -->
  <testcase classname="com.absli.testcases.EndToEndProposerSameDigishieldTest" name="CompleteJourneyProposerSameNonSmoker7PayMonthlyNoAci" time="0.0">
    <ignored/>
  </testcase> <!-- CompleteJourneyProposerSameNonSmoker7PayMonthlyNoAci -->
  <testcase classname="com.absli.testcases.EndToEndProposerSameDigishieldTest" name="CompleteJourneyProposerSameNonSmoker12PayQuarterlyNoAci" time="0.0">
    <ignored/>
  </testcase> <!-- CompleteJourneyProposerSameNonSmoker12PayQuarterlyNoAci -->
  <testcase classname="com.absli.testcases.EndToEndProposerSameDigishieldTest" name="CompleteJourneyProposerSameNonSmoker20PayAnnualRider1" time="0.0">
    <ignored/>
  </testcase> <!-- CompleteJourneyProposerSameNonSmoker20PayAnnualRider1 -->
  <testcase classname="com.absli.testcases.EndToEndProposerSameDigishieldTest" name="CompleteJourneyProposerSameNonSmoker5PaySemiAnnualRider1" time="0.0">
    <ignored/>
  </testcase> <!-- CompleteJourneyProposerSameNonSmoker5PaySemiAnnualRider1 -->
  <testcase classname="com.absli.testcases.EndToEndProposerSameDigishieldTest" name="CompleteJourneyProposerSameNonSmoker20PayAnnualRider2" time="0.0">
    <ignored/>
  </testcase> <!-- CompleteJourneyProposerSameNonSmoker20PayAnnualRider2 -->
  <testcase classname="com.absli.testcases.EndToEndProposerSameDigishieldTest" name="CompleteJourneyProposerSameNonSmoker15PaySemiAnnualNoAci" time="0.0">
    <ignored/>
  </testcase> <!-- CompleteJourneyProposerSameNonSmoker15PaySemiAnnualNoAci -->
  <testcase classname="com.absli.testcases.EndToEndProposerSameDigishieldTest" name="CompleteJourneyProposerSameNonSmoker5PaySemiAnnualRider2" time="0.0">
    <ignored/>
  </testcase> <!-- CompleteJourneyProposerSameNonSmoker5PaySemiAnnualRider2 -->
  <testcase classname="com.absli.testcases.EndToEndProposerSameDigishieldTest" name="CompleteJourneyProposerSameNonSmoker15PayMonthly" time="0.0">
    <ignored/>
  </testcase> <!-- CompleteJourneyProposerSameNonSmoker15PayMonthly -->
  <testcase classname="com.absli.testcases.EndToEndProposerSameDigishieldTest" name="CompleteJourneyProposerSameNonSmoker15PayAnnualRider2" time="0.0">
    <ignored/>
  </testcase> <!-- CompleteJourneyProposerSameNonSmoker15PayAnnualRider2 -->
  <testcase classname="com.absli.testcases.EndToEndProposerSameDigishieldTest" name="CompleteJourneyProposerSameNonSmoker15PayQuarterlyRider2" time="0.0">
    <ignored/>
  </testcase> <!-- CompleteJourneyProposerSameNonSmoker15PayQuarterlyRider2 -->
  <testcase classname="com.absli.testcases.EndToEndProposerSameDigishieldTest" name="CompleteJourneyProposerSameNonSmoker15PayAnnual" time="0.0">
    <ignored/>
  </testcase> <!-- CompleteJourneyProposerSameNonSmoker15PayAnnual -->
  <testcase classname="com.absli.testcases.EndToEndProposerSameDigishieldTest" name="CompleteJourneyProposerSameNonSmoker15PayAnnualRider1" time="0.0">
    <ignored/>
  </testcase> <!-- CompleteJourneyProposerSameNonSmoker15PayAnnualRider1 -->
</testsuite> <!-- Suite Test14 -->
